<?xml version="1.0" encoding="UTF-8"?>
<testsuite xmlns:xsi="http://www.w3.org/2001/XMLSchema-instance" xsi:noNamespaceSchemaLocation="https://maven.apache.org/surefire/maven-surefire-plugin/xsd/surefire-test-report.xsd" version="3.0.2" name="com.powersphere.energy.repository.EnergyReadingRepositoryTest" time="5.654" tests="10" errors="0" skipped="0" failures="0">
  <properties>
[...]
</properties>
  <testcase name="shouldSupportSorting" classname="com.powersphere.energy.repository.EnergyReadingRepositoryTest" time="0.238">
    <system-out><![CDATA[18:27:25.402 [main] INFO org.springframework.test.context.support.AnnotationConfigContextLoaderUtils -- Could not detect default configuration classes for test class [com.powersphere.energy.repository.EnergyReadingRepositoryTest]: EnergyReadingRepositoryTest does not declare any static, non-private, non-final, nested classes annotated with @Configuration.
18:27:25.605 [main] INFO org.springframework.boot.test.context.SpringBootTestContextBootstrapper -- Found @SpringBootConfiguration com.powersphere.PowerSphereApplication for test class com.powersphere.energy.repository.EnergyReadingRepositoryTest

  .   ____          _            __ _ _
 /\\ / ___'_ __ _ _(_)_ __  __ _ \ \ \ \
( ( )\___ | '_ | '_| | '_ \/ _` | \ \ \ \
 \\/  ___)| |_)| | | | | || (_| |  ) ) ) )
  '  |____| .__|_| |_|_| |_\__, | / / / /
 =========|_|==============|___/=/_/_/_/

 :: Spring Boot ::                (v3.5.0)

2026-07-29T18:27:26.225+05:30  INFO 22192 --- [power-sphere] [           main] c.p.e.r.EnergyReadingRepositoryTest      : Starting EnergyReadingRepositoryTest using Java 26.0.1 with PID 22192 (started by ADMIN in D:\power-sphere)
2026-07-29T18:27:26.226+05:30 DEBUG 22192 --- [power-sphere] [           main] c.p.e.r.EnergyReadingRepositoryTest      : Running with Spring Boot v3.5.0, Spring v6.2.7
2026-07-29T18:27:26.227+05:30  INFO 22192 --- [power-sphere] [           main] c.p.e.r.EnergyReadingRepositoryTest      : The following 1 profile is active: "test"
2026-07-29T18:27:26.771+05:30  INFO 22192 --- [power-sphere] [           main] .s.d.r.c.RepositoryConfigurationDelegate : Bootstrapping Spring Data JPA repositories in DEFAULT mode.
2026-07-29T18:27:26.915+05:30  INFO 22192 --- [power-sphere] [           main] .s.d.r.c.RepositoryConfigurationDelegate : Finished Spring Data repository scanning in 123 ms. Found 1 JPA repository interface.
2026-07-29T18:27:27.026+05:30  INFO 22192 --- [power-sphere] [           main] beddedDataSourceBeanFactoryPostProcessor : Replacing 'dataSource' DataSource bean with embedded version
2026-07-29T18:27:27.152+05:30  INFO 22192 --- [power-sphere] [           main] o.s.j.d.e.EmbeddedDatabaseFactory        : Starting embedded database: url='jdbc:h2:mem:5f4d894f-608a-484f-be29-29bf476b259e;DB_CLOSE_DELAY=-1;DB_CLOSE_ON_EXIT=false', username='sa'
2026-07-29T18:27:27.489+05:30  INFO 22192 --- [power-sphere] [           main] o.hibernate.jpa.internal.util.LogHelper  : HHH000204: Processing PersistenceUnitInfo [name: default]
2026-07-29T18:27:27.546+05:30  INFO 22192 --- [power-sphere] [           main] org.hibernate.Version                    : HHH000412: Hibernate ORM core version 6.6.15.Final
2026-07-29T18:27:27.609+05:30  INFO 22192 --- [power-sphere] [           main] o.h.c.internal.RegionFactoryInitiator    : HHH000026: Second-level cache disabled
2026-07-29T18:27:27.877+05:30  INFO 22192 --- [power-sphere] [           main] o.s.o.j.p.SpringPersistenceUnitInfo      : No LoadTimeWeaver setup: ignoring JPA class transformer
2026-07-29T18:27:27.953+05:30  WARN 22192 --- [power-sphere] [           main] org.hibernate.orm.deprecation            : HHH90000025: H2Dialect does not need to be specified explicitly using 'hibernate.dialect' (remove the property setting and it will be selected by default)
2026-07-29T18:27:27.985+05:30  INFO 22192 --- [power-sphere] [           main] org.hibernate.orm.connections.pooling    : HHH10001005: Database info:
	Database JDBC URL [Connecting through datasource 'org.springframework.jdbc.datasource.embedded.EmbeddedDatabaseFactory$EmbeddedDataSourceProxy@3ce7490a']
	Database driver: undefined/unknown
	Database version: 2.3.232
	Autocommit mode: undefined/unknown
	Isolation level: undefined/unknown
	Minimum pool size: undefined/unknown
	Maximum pool size: undefined/unknown
2026-07-29T18:27:29.178+05:30  INFO 22192 --- [power-sphere] [           main] o.h.e.t.j.p.i.JtaPlatformInitiator       : HHH000489: No JTA platform available (set 'hibernate.transaction.jta.platform' to enable JTA platform integration)
Hibernate: 
    drop table if exists energy_readings cascade 
Hibernate: 
    create table energy_readings (
        active boolean not null,
        battery_level numeric(5,2),
        consumption numeric(12,3) not null,
        current numeric(8,3),
        current_reading numeric(12,3) not null,
        frequency numeric(6,3),
        power numeric(12,3),
        power_factor numeric(5,3),
        previous_reading numeric(12,3) not null,
        signal_strength numeric(3,1),
        temperature numeric(5,2),
        voltage numeric(8,3),
        created_at timestamp(6) not null,
        id bigint generated by default as identity,
        meter_id bigint not null,
        reading_timestamp timestamp(6) not null,
        updated_at timestamp(6) not null,
        remarks varchar(500),
        created_by varchar(255),
        updated_by varchar(255),
        quality_status enum ('DUPLICATE','ESTIMATED','INVALID','VALID') not null,
        reading_source enum ('API','DEVICE','MOBILE_APP','WEB') not null,
        reading_type enum ('AUTOMATIC','IMPORT','MANUAL','SMART_METER') not null,
        primary key (id),
        constraint idx_meter_reading_time unique (meter_id, reading_timestamp)
    )
Hibernate: 
    create index idx_meter_id 
       on energy_readings (meter_id)
Hibernate: 
    create index idx_reading_timestamp 
       on energy_readings (reading_timestamp)
Hibernate: 
    create index idx_active 
       on energy_readings (active)
Hibernate: 
    create index idx_reading_type 
       on energy_readings (reading_type)
2026-07-29T18:27:29.282+05:30  INFO 22192 --- [power-sphere] [           main] j.LocalContainerEntityManagerFactoryBean : Initialized JPA EntityManagerFactory for persistence unit 'default'
2026-07-29T18:27:29.682+05:30  INFO 22192 --- [power-sphere] [           main] o.s.d.j.r.query.QueryEnhancerFactory     : Hibernate is in classpath; If applicable, HQL parser will be used.
2026-07-29T18:27:30.397+05:30  INFO 22192 --- [power-sphere] [           main] c.p.e.r.EnergyReadingRepositoryTest      : Started EnergyReadingRepositoryTest in 4.661 seconds (process running for 7.735)
Hibernate: 
    select
        er1_0.id,
        er1_0.active,
        er1_0.battery_level,
        er1_0.consumption,
        er1_0.created_at,
        er1_0.created_by,
        er1_0.current,
        er1_0.current_reading,
        er1_0.frequency,
        er1_0.meter_id,
        er1_0.power,
        er1_0.power_factor,
        er1_0.previous_reading,
        er1_0.quality_status,
        er1_0.reading_source,
        er1_0.reading_timestamp,
        er1_0.reading_type,
        er1_0.remarks,
        er1_0.signal_strength,
        er1_0.temperature,
        er1_0.updated_at,
        er1_0.updated_by,
        er1_0.voltage 
    from
        energy_readings er1_0
Hibernate: 
    insert 
    into
        energy_readings
        (active, battery_level, consumption, created_at, created_by, current, current_reading, frequency, meter_id, power, power_factor, previous_reading, quality_status, reading_source, reading_timestamp, reading_type, remarks, signal_strength, temperature, updated_at, updated_by, voltage, id) 
    values
        (?, ?, ?, ?, ?, ?, ?, ?, ?, ?, ?, ?, ?, ?, ?, ?, ?, ?, ?, ?, ?, ?, default)
Hibernate: 
    insert 
    into
        energy_readings
        (active, battery_level, consumption, created_at, created_by, current, current_reading, frequency, meter_id, power, power_factor, previous_reading, quality_status, reading_source, reading_timestamp, reading_type, remarks, signal_strength, temperature, updated_at, updated_by, voltage, id) 
    values
        (?, ?, ?, ?, ?, ?, ?, ?, ?, ?, ?, ?, ?, ?, ?, ?, ?, ?, ?, ?, ?, ?, default)
Hibernate: 
    insert 
    into
        energy_readings
        (active, battery_level, consumption, created_at, created_by, current, current_reading, frequency, meter_id, power, power_factor, previous_reading, quality_status, reading_source, reading_timestamp, reading_type, remarks, signal_strength, temperature, updated_at, updated_by, voltage, id) 
    values
        (?, ?, ?, ?, ?, ?, ?, ?, ?, ?, ?, ?, ?, ?, ?, ?, ?, ?, ?, ?, ?, ?, default)
Hibernate: 
    insert 
    into
        energy_readings
        (active, battery_level, consumption, created_at, created_by, current, current_reading, frequency, meter_id, power, power_factor, previous_reading, quality_status, reading_source, reading_timestamp, reading_type, remarks, signal_strength, temperature, updated_at, updated_by, voltage, id) 
    values
        (?, ?, ?, ?, ?, ?, ?, ?, ?, ?, ?, ?, ?, ?, ?, ?, ?, ?, ?, ?, ?, ?, default)
Hibernate: 
    select
        er1_0.id,
        er1_0.active,
        er1_0.battery_level,
        er1_0.consumption,
        er1_0.created_at,
        er1_0.created_by,
        er1_0.current,
        er1_0.current_reading,
        er1_0.frequency,
        er1_0.meter_id,
        er1_0.power,
        er1_0.power_factor,
        er1_0.previous_reading,
        er1_0.quality_status,
        er1_0.reading_source,
        er1_0.reading_timestamp,
        er1_0.reading_type,
        er1_0.remarks,
        er1_0.signal_strength,
        er1_0.temperature,
        er1_0.updated_at,
        er1_0.updated_by,
        er1_0.voltage 
    from
        energy_readings er1_0 
    where
        er1_0.active 
    order by
        er1_0.reading_timestamp 
    fetch
        first ? rows only
]]></system-out>
  </testcase>
  <testcase name="shouldDetectDuplicateReading" classname="com.powersphere.energy.repository.EnergyReadingRepositoryTest" time="0.058">
    <system-out><![CDATA[Hibernate: 
    select
        er1_0.id,
        er1_0.active,
        er1_0.battery_level,
        er1_0.consumption,
        er1_0.created_at,
        er1_0.created_by,
        er1_0.current,
        er1_0.current_reading,
        er1_0.frequency,
        er1_0.meter_id,
        er1_0.power,
        er1_0.power_factor,
        er1_0.previous_reading,
        er1_0.quality_status,
        er1_0.reading_source,
        er1_0.reading_timestamp,
        er1_0.reading_type,
        er1_0.remarks,
        er1_0.signal_strength,
        er1_0.temperature,
        er1_0.updated_at,
        er1_0.updated_by,
        er1_0.voltage 
    from
        energy_readings er1_0
Hibernate: 
    insert 
    into
        energy_readings
        (active, battery_level, consumption, created_at, created_by, current, current_reading, frequency, meter_id, power, power_factor, previous_reading, quality_status, reading_source, reading_timestamp, reading_type, remarks, signal_strength, temperature, updated_at, updated_by, voltage, id) 
    values
        (?, ?, ?, ?, ?, ?, ?, ?, ?, ?, ?, ?, ?, ?, ?, ?, ?, ?, ?, ?, ?, ?, default)
Hibernate: 
    insert 
    into
        energy_readings
        (active, battery_level, consumption, created_at, created_by, current, current_reading, frequency, meter_id, power, power_factor, previous_reading, quality_status, reading_source, reading_timestamp, reading_type, remarks, signal_strength, temperature, updated_at, updated_by, voltage, id) 
    values
        (?, ?, ?, ?, ?, ?, ?, ?, ?, ?, ?, ?, ?, ?, ?, ?, ?, ?, ?, ?, ?, ?, default)
Hibernate: 
    insert 
    into
        energy_readings
        (active, battery_level, consumption, created_at, created_by, current, current_reading, frequency, meter_id, power, power_factor, previous_reading, quality_status, reading_source, reading_timestamp, reading_type, remarks, signal_strength, temperature, updated_at, updated_by, voltage, id) 
    values
        (?, ?, ?, ?, ?, ?, ?, ?, ?, ?, ?, ?, ?, ?, ?, ?, ?, ?, ?, ?, ?, ?, default)
Hibernate: 
    insert 
    into
        energy_readings
        (active, battery_level, consumption, created_at, created_by, current, current_reading, frequency, meter_id, power, power_factor, previous_reading, quality_status, reading_source, reading_timestamp, reading_type, remarks, signal_strength, temperature, updated_at, updated_by, voltage, id) 
    values
        (?, ?, ?, ?, ?, ?, ?, ?, ?, ?, ?, ?, ?, ?, ?, ?, ?, ?, ?, ?, ?, ?, default)
Hibernate: 
    select
        count(er1_0.id)>0 
    from
        energy_readings er1_0 
    where
        er1_0.meter_id=? 
        and er1_0.reading_timestamp=? 
        and er1_0.active=true
]]></system-out>
  </testcase>
  <testcase name="shouldNotDetectDuplicateForDifferentMeter" classname="com.powersphere.energy.repository.EnergyReadingRepositoryTest" time="0.02">
    <system-out><![CDATA[Hibernate: 
    select
        er1_0.id,
        er1_0.active,
        er1_0.battery_level,
        er1_0.consumption,
        er1_0.created_at,
        er1_0.created_by,
        er1_0.current,
        er1_0.current_reading,
        er1_0.frequency,
        er1_0.meter_id,
        er1_0.power,
        er1_0.power_factor,
        er1_0.previous_reading,
        er1_0.quality_status,
        er1_0.reading_source,
        er1_0.reading_timestamp,
        er1_0.reading_type,
        er1_0.remarks,
        er1_0.signal_strength,
        er1_0.temperature,
        er1_0.updated_at,
        er1_0.updated_by,
        er1_0.voltage 
    from
        energy_readings er1_0
Hibernate: 
    insert 
    into
        energy_readings
        (active, battery_level, consumption, created_at, created_by, current, current_reading, frequency, meter_id, power, power_factor, previous_reading, quality_status, reading_source, reading_timestamp, reading_type, remarks, signal_strength, temperature, updated_at, updated_by, voltage, id) 
    values
        (?, ?, ?, ?, ?, ?, ?, ?, ?, ?, ?, ?, ?, ?, ?, ?, ?, ?, ?, ?, ?, ?, default)
Hibernate: 
    insert 
    into
        energy_readings
        (active, battery_level, consumption, created_at, created_by, current, current_reading, frequency, meter_id, power, power_factor, previous_reading, quality_status, reading_source, reading_timestamp, reading_type, remarks, signal_strength, temperature, updated_at, updated_by, voltage, id) 
    values
        (?, ?, ?, ?, ?, ?, ?, ?, ?, ?, ?, ?, ?, ?, ?, ?, ?, ?, ?, ?, ?, ?, default)
Hibernate: 
    insert 
    into
        energy_readings
        (active, battery_level, consumption, created_at, created_by, current, current_reading, frequency, meter_id, power, power_factor, previous_reading, quality_status, reading_source, reading_timestamp, reading_type, remarks, signal_strength, temperature, updated_at, updated_by, voltage, id) 
    values
        (?, ?, ?, ?, ?, ?, ?, ?, ?, ?, ?, ?, ?, ?, ?, ?, ?, ?, ?, ?, ?, ?, default)
Hibernate: 
    insert 
    into
        energy_readings
        (active, battery_level, consumption, created_at, created_by, current, current_reading, frequency, meter_id, power, power_factor, previous_reading, quality_status, reading_source, reading_timestamp, reading_type, remarks, signal_strength, temperature, updated_at, updated_by, voltage, id) 
    values
        (?, ?, ?, ?, ?, ?, ?, ?, ?, ?, ?, ?, ?, ?, ?, ?, ?, ?, ?, ?, ?, ?, default)
Hibernate: 
    select
        count(er1_0.id)>0 
    from
        energy_readings er1_0 
    where
        er1_0.meter_id=? 
        and er1_0.reading_timestamp=? 
        and er1_0.active=true
]]></system-out>
  </testcase>
  <testcase name="shouldCountReadingsByMeter" classname="com.powersphere.energy.repository.EnergyReadingRepositoryTest" time="0.019">
    <system-out><![CDATA[Hibernate: 
    select
        er1_0.id,
        er1_0.active,
        er1_0.battery_level,
        er1_0.consumption,
        er1_0.created_at,
        er1_0.created_by,
        er1_0.current,
        er1_0.current_reading,
        er1_0.frequency,
        er1_0.meter_id,
        er1_0.power,
        er1_0.power_factor,
        er1_0.previous_reading,
        er1_0.quality_status,
        er1_0.reading_source,
        er1_0.reading_timestamp,
        er1_0.reading_type,
        er1_0.remarks,
        er1_0.signal_strength,
        er1_0.temperature,
        er1_0.updated_at,
        er1_0.updated_by,
        er1_0.voltage 
    from
        energy_readings er1_0
Hibernate: 
    insert 
    into
        energy_readings
        (active, battery_level, consumption, created_at, created_by, current, current_reading, frequency, meter_id, power, power_factor, previous_reading, quality_status, reading_source, reading_timestamp, reading_type, remarks, signal_strength, temperature, updated_at, updated_by, voltage, id) 
    values
        (?, ?, ?, ?, ?, ?, ?, ?, ?, ?, ?, ?, ?, ?, ?, ?, ?, ?, ?, ?, ?, ?, default)
Hibernate: 
    insert 
    into
        energy_readings
        (active, battery_level, consumption, created_at, created_by, current, current_reading, frequency, meter_id, power, power_factor, previous_reading, quality_status, reading_source, reading_timestamp, reading_type, remarks, signal_strength, temperature, updated_at, updated_by, voltage, id) 
    values
        (?, ?, ?, ?, ?, ?, ?, ?, ?, ?, ?, ?, ?, ?, ?, ?, ?, ?, ?, ?, ?, ?, default)
Hibernate: 
    insert 
    into
        energy_readings
        (active, battery_level, consumption, created_at, created_by, current, current_reading, frequency, meter_id, power, power_factor, previous_reading, quality_status, reading_source, reading_timestamp, reading_type, remarks, signal_strength, temperature, updated_at, updated_by, voltage, id) 
    values
        (?, ?, ?, ?, ?, ?, ?, ?, ?, ?, ?, ?, ?, ?, ?, ?, ?, ?, ?, ?, ?, ?, default)
Hibernate: 
    insert 
    into
        energy_readings
        (active, battery_level, consumption, created_at, created_by, current, current_reading, frequency, meter_id, power, power_factor, previous_reading, quality_status, reading_source, reading_timestamp, reading_type, remarks, signal_strength, temperature, updated_at, updated_by, voltage, id) 
    values
        (?, ?, ?, ?, ?, ?, ?, ?, ?, ?, ?, ?, ?, ?, ?, ?, ?, ?, ?, ?, ?, ?, default)
Hibernate: 
    select
        count(er1_0.id) 
    from
        energy_readings er1_0 
    where
        er1_0.meter_id=? 
        and er1_0.active
]]></system-out>
  </testcase>
  <testcase name="shouldFindActiveReadingsWithPagination" classname="com.powersphere.energy.repository.EnergyReadingRepositoryTest" time="0.023">
    <system-out><![CDATA[Hibernate: 
    select
        er1_0.id,
        er1_0.active,
        er1_0.battery_level,
        er1_0.consumption,
        er1_0.created_at,
        er1_0.created_by,
        er1_0.current,
        er1_0.current_reading,
        er1_0.frequency,
        er1_0.meter_id,
        er1_0.power,
        er1_0.power_factor,
        er1_0.previous_reading,
        er1_0.quality_status,
        er1_0.reading_source,
        er1_0.reading_timestamp,
        er1_0.reading_type,
        er1_0.remarks,
        er1_0.signal_strength,
        er1_0.temperature,
        er1_0.updated_at,
        er1_0.updated_by,
        er1_0.voltage 
    from
        energy_readings er1_0
Hibernate: 
    insert 
    into
        energy_readings
        (active, battery_level, consumption, created_at, created_by, current, current_reading, frequency, meter_id, power, power_factor, previous_reading, quality_status, reading_source, reading_timestamp, reading_type, remarks, signal_strength, temperature, updated_at, updated_by, voltage, id) 
    values
        (?, ?, ?, ?, ?, ?, ?, ?, ?, ?, ?, ?, ?, ?, ?, ?, ?, ?, ?, ?, ?, ?, default)
Hibernate: 
    insert 
    into
        energy_readings
        (active, battery_level, consumption, created_at, created_by, current, current_reading, frequency, meter_id, power, power_factor, previous_reading, quality_status, reading_source, reading_timestamp, reading_type, remarks, signal_strength, temperature, updated_at, updated_by, voltage, id) 
    values
        (?, ?, ?, ?, ?, ?, ?, ?, ?, ?, ?, ?, ?, ?, ?, ?, ?, ?, ?, ?, ?, ?, default)
Hibernate: 
    insert 
    into
        energy_readings
        (active, battery_level, consumption, created_at, created_by, current, current_reading, frequency, meter_id, power, power_factor, previous_reading, quality_status, reading_source, reading_timestamp, reading_type, remarks, signal_strength, temperature, updated_at, updated_by, voltage, id) 
    values
        (?, ?, ?, ?, ?, ?, ?, ?, ?, ?, ?, ?, ?, ?, ?, ?, ?, ?, ?, ?, ?, ?, default)
Hibernate: 
    insert 
    into
        energy_readings
        (active, battery_level, consumption, created_at, created_by, current, current_reading, frequency, meter_id, power, power_factor, previous_reading, quality_status, reading_source, reading_timestamp, reading_type, remarks, signal_strength, temperature, updated_at, updated_by, voltage, id) 
    values
        (?, ?, ?, ?, ?, ?, ?, ?, ?, ?, ?, ?, ?, ?, ?, ?, ?, ?, ?, ?, ?, ?, default)
Hibernate: 
    select
        er1_0.id,
        er1_0.active,
        er1_0.battery_level,
        er1_0.consumption,
        er1_0.created_at,
        er1_0.created_by,
        er1_0.current,
        er1_0.current_reading,
        er1_0.frequency,
        er1_0.meter_id,
        er1_0.power,
        er1_0.power_factor,
        er1_0.previous_reading,
        er1_0.quality_status,
        er1_0.reading_source,
        er1_0.reading_timestamp,
        er1_0.reading_type,
        er1_0.remarks,
        er1_0.signal_strength,
        er1_0.temperature,
        er1_0.updated_at,
        er1_0.updated_by,
        er1_0.voltage 
    from
        energy_readings er1_0 
    where
        er1_0.active 
    fetch
        first ? rows only
]]></system-out>
  </testcase>
  <testcase name="shouldFindByMeterIdAndActive" classname="com.powersphere.energy.repository.EnergyReadingRepositoryTest" time="0.021">
    <system-out><![CDATA[Hibernate: 
    select
        er1_0.id,
        er1_0.active,
        er1_0.battery_level,
        er1_0.consumption,
        er1_0.created_at,
        er1_0.created_by,
        er1_0.current,
        er1_0.current_reading,
        er1_0.frequency,
        er1_0.meter_id,
        er1_0.power,
        er1_0.power_factor,
        er1_0.previous_reading,
        er1_0.quality_status,
        er1_0.reading_source,
        er1_0.reading_timestamp,
        er1_0.reading_type,
        er1_0.remarks,
        er1_0.signal_strength,
        er1_0.temperature,
        er1_0.updated_at,
        er1_0.updated_by,
        er1_0.voltage 
    from
        energy_readings er1_0
Hibernate: 
    insert 
    into
        energy_readings
        (active, battery_level, consumption, created_at, created_by, current, current_reading, frequency, meter_id, power, power_factor, previous_reading, quality_status, reading_source, reading_timestamp, reading_type, remarks, signal_strength, temperature, updated_at, updated_by, voltage, id) 
    values
        (?, ?, ?, ?, ?, ?, ?, ?, ?, ?, ?, ?, ?, ?, ?, ?, ?, ?, ?, ?, ?, ?, default)
Hibernate: 
    insert 
    into
        energy_readings
        (active, battery_level, consumption, created_at, created_by, current, current_reading, frequency, meter_id, power, power_factor, previous_reading, quality_status, reading_source, reading_timestamp, reading_type, remarks, signal_strength, temperature, updated_at, updated_by, voltage, id) 
    values
        (?, ?, ?, ?, ?, ?, ?, ?, ?, ?, ?, ?, ?, ?, ?, ?, ?, ?, ?, ?, ?, ?, default)
Hibernate: 
    insert 
    into
        energy_readings
        (active, battery_level, consumption, created_at, created_by, current, current_reading, frequency, meter_id, power, power_factor, previous_reading, quality_status, reading_source, reading_timestamp, reading_type, remarks, signal_strength, temperature, updated_at, updated_by, voltage, id) 
    values
        (?, ?, ?, ?, ?, ?, ?, ?, ?, ?, ?, ?, ?, ?, ?, ?, ?, ?, ?, ?, ?, ?, default)
Hibernate: 
    insert 
    into
        energy_readings
        (active, battery_level, consumption, created_at, created_by, current, current_reading, frequency, meter_id, power, power_factor, previous_reading, quality_status, reading_source, reading_timestamp, reading_type, remarks, signal_strength, temperature, updated_at, updated_by, voltage, id) 
    values
        (?, ?, ?, ?, ?, ?, ?, ?, ?, ?, ?, ?, ?, ?, ?, ?, ?, ?, ?, ?, ?, ?, default)
Hibernate: 
    select
        er1_0.id,
        er1_0.active,
        er1_0.battery_level,
        er1_0.consumption,
        er1_0.created_at,
        er1_0.created_by,
        er1_0.current,
        er1_0.current_reading,
        er1_0.frequency,
        er1_0.meter_id,
        er1_0.power,
        er1_0.power_factor,
        er1_0.previous_reading,
        er1_0.quality_status,
        er1_0.reading_source,
        er1_0.reading_timestamp,
        er1_0.reading_type,
        er1_0.remarks,
        er1_0.signal_strength,
        er1_0.temperature,
        er1_0.updated_at,
        er1_0.updated_by,
        er1_0.voltage 
    from
        energy_readings er1_0 
    where
        er1_0.meter_id=? 
        and er1_0.active 
    fetch
        first ? rows only
]]></system-out>
  </testcase>
  <testcase name="shouldFindReadingHistoryForMeter" classname="com.powersphere.energy.repository.EnergyReadingRepositoryTest" time="0.022">
    <system-out><![CDATA[Hibernate: 
    select
        er1_0.id,
        er1_0.active,
        er1_0.battery_level,
        er1_0.consumption,
        er1_0.created_at,
        er1_0.created_by,
        er1_0.current,
        er1_0.current_reading,
        er1_0.frequency,
        er1_0.meter_id,
        er1_0.power,
        er1_0.power_factor,
        er1_0.previous_reading,
        er1_0.quality_status,
        er1_0.reading_source,
        er1_0.reading_timestamp,
        er1_0.reading_type,
        er1_0.remarks,
        er1_0.signal_strength,
        er1_0.temperature,
        er1_0.updated_at,
        er1_0.updated_by,
        er1_0.voltage 
    from
        energy_readings er1_0
Hibernate: 
    insert 
    into
        energy_readings
        (active, battery_level, consumption, created_at, created_by, current, current_reading, frequency, meter_id, power, power_factor, previous_reading, quality_status, reading_source, reading_timestamp, reading_type, remarks, signal_strength, temperature, updated_at, updated_by, voltage, id) 
    values
        (?, ?, ?, ?, ?, ?, ?, ?, ?, ?, ?, ?, ?, ?, ?, ?, ?, ?, ?, ?, ?, ?, default)
Hibernate: 
    insert 
    into
        energy_readings
        (active, battery_level, consumption, created_at, created_by, current, current_reading, frequency, meter_id, power, power_factor, previous_reading, quality_status, reading_source, reading_timestamp, reading_type, remarks, signal_strength, temperature, updated_at, updated_by, voltage, id) 
    values
        (?, ?, ?, ?, ?, ?, ?, ?, ?, ?, ?, ?, ?, ?, ?, ?, ?, ?, ?, ?, ?, ?, default)
Hibernate: 
    insert 
    into
        energy_readings
        (active, battery_level, consumption, created_at, created_by, current, current_reading, frequency, meter_id, power, power_factor, previous_reading, quality_status, reading_source, reading_timestamp, reading_type, remarks, signal_strength, temperature, updated_at, updated_by, voltage, id) 
    values
        (?, ?, ?, ?, ?, ?, ?, ?, ?, ?, ?, ?, ?, ?, ?, ?, ?, ?, ?, ?, ?, ?, default)
Hibernate: 
    insert 
    into
        energy_readings
        (active, battery_level, consumption, created_at, created_by, current, current_reading, frequency, meter_id, power, power_factor, previous_reading, quality_status, reading_source, reading_timestamp, reading_type, remarks, signal_strength, temperature, updated_at, updated_by, voltage, id) 
    values
        (?, ?, ?, ?, ?, ?, ?, ?, ?, ?, ?, ?, ?, ?, ?, ?, ?, ?, ?, ?, ?, ?, default)
Hibernate: 
    select
        er1_0.id,
        er1_0.active,
        er1_0.battery_level,
        er1_0.consumption,
        er1_0.created_at,
        er1_0.created_by,
        er1_0.current,
        er1_0.current_reading,
        er1_0.frequency,
        er1_0.meter_id,
        er1_0.power,
        er1_0.power_factor,
        er1_0.previous_reading,
        er1_0.quality_status,
        er1_0.reading_source,
        er1_0.reading_timestamp,
        er1_0.reading_type,
        er1_0.remarks,
        er1_0.signal_strength,
        er1_0.temperature,
        er1_0.updated_at,
        er1_0.updated_by,
        er1_0.voltage 
    from
        energy_readings er1_0 
    where
        er1_0.meter_id=? 
        and er1_0.active 
    order by
        er1_0.reading_timestamp desc
]]></system-out>
  </testcase>
  <testcase name="shouldExcludeCurrentIdFromDuplicateCheck" classname="com.powersphere.energy.repository.EnergyReadingRepositoryTest" time="0.025">
    <system-out><![CDATA[Hibernate: 
    select
        er1_0.id,
        er1_0.active,
        er1_0.battery_level,
        er1_0.consumption,
        er1_0.created_at,
        er1_0.created_by,
        er1_0.current,
        er1_0.current_reading,
        er1_0.frequency,
        er1_0.meter_id,
        er1_0.power,
        er1_0.power_factor,
        er1_0.previous_reading,
        er1_0.quality_status,
        er1_0.reading_source,
        er1_0.reading_timestamp,
        er1_0.reading_type,
        er1_0.remarks,
        er1_0.signal_strength,
        er1_0.temperature,
        er1_0.updated_at,
        er1_0.updated_by,
        er1_0.voltage 
    from
        energy_readings er1_0
Hibernate: 
    insert 
    into
        energy_readings
        (active, battery_level, consumption, created_at, created_by, current, current_reading, frequency, meter_id, power, power_factor, previous_reading, quality_status, reading_source, reading_timestamp, reading_type, remarks, signal_strength, temperature, updated_at, updated_by, voltage, id) 
    values
        (?, ?, ?, ?, ?, ?, ?, ?, ?, ?, ?, ?, ?, ?, ?, ?, ?, ?, ?, ?, ?, ?, default)
Hibernate: 
    insert 
    into
        energy_readings
        (active, battery_level, consumption, created_at, created_by, current, current_reading, frequency, meter_id, power, power_factor, previous_reading, quality_status, reading_source, reading_timestamp, reading_type, remarks, signal_strength, temperature, updated_at, updated_by, voltage, id) 
    values
        (?, ?, ?, ?, ?, ?, ?, ?, ?, ?, ?, ?, ?, ?, ?, ?, ?, ?, ?, ?, ?, ?, default)
Hibernate: 
    insert 
    into
        energy_readings
        (active, battery_level, consumption, created_at, created_by, current, current_reading, frequency, meter_id, power, power_factor, previous_reading, quality_status, reading_source, reading_timestamp, reading_type, remarks, signal_strength, temperature, updated_at, updated_by, voltage, id) 
    values
        (?, ?, ?, ?, ?, ?, ?, ?, ?, ?, ?, ?, ?, ?, ?, ?, ?, ?, ?, ?, ?, ?, default)
Hibernate: 
    insert 
    into
        energy_readings
        (active, battery_level, consumption, created_at, created_by, current, current_reading, frequency, meter_id, power, power_factor, previous_reading, quality_status, reading_source, reading_timestamp, reading_type, remarks, signal_strength, temperature, updated_at, updated_by, voltage, id) 
    values
        (?, ?, ?, ?, ?, ?, ?, ?, ?, ?, ?, ?, ?, ?, ?, ?, ?, ?, ?, ?, ?, ?, default)
Hibernate: 
    select
        count(er1_0.id)>0 
    from
        energy_readings er1_0 
    where
        er1_0.meter_id=? 
        and er1_0.reading_timestamp=? 
        and er1_0.id<>? 
        and er1_0.active=true
]]></system-out>
  </testcase>
  <testcase name="shouldFindLatestReadingForMeter" classname="com.powersphere.energy.repository.EnergyReadingRepositoryTest" time="0.025">
    <system-out><![CDATA[Hibernate: 
    select
        er1_0.id,
        er1_0.active,
        er1_0.battery_level,
        er1_0.consumption,
        er1_0.created_at,
        er1_0.created_by,
        er1_0.current,
        er1_0.current_reading,
        er1_0.frequency,
        er1_0.meter_id,
        er1_0.power,
        er1_0.power_factor,
        er1_0.previous_reading,
        er1_0.quality_status,
        er1_0.reading_source,
        er1_0.reading_timestamp,
        er1_0.reading_type,
        er1_0.remarks,
        er1_0.signal_strength,
        er1_0.temperature,
        er1_0.updated_at,
        er1_0.updated_by,
        er1_0.voltage 
    from
        energy_readings er1_0
Hibernate: 
    insert 
    into
        energy_readings
        (active, battery_level, consumption, created_at, created_by, current, current_reading, frequency, meter_id, power, power_factor, previous_reading, quality_status, reading_source, reading_timestamp, reading_type, remarks, signal_strength, temperature, updated_at, updated_by, voltage, id) 
    values
        (?, ?, ?, ?, ?, ?, ?, ?, ?, ?, ?, ?, ?, ?, ?, ?, ?, ?, ?, ?, ?, ?, default)
Hibernate: 
    insert 
    into
        energy_readings
        (active, battery_level, consumption, created_at, created_by, current, current_reading, frequency, meter_id, power, power_factor, previous_reading, quality_status, reading_source, reading_timestamp, reading_type, remarks, signal_strength, temperature, updated_at, updated_by, voltage, id) 
    values
        (?, ?, ?, ?, ?, ?, ?, ?, ?, ?, ?, ?, ?, ?, ?, ?, ?, ?, ?, ?, ?, ?, default)
Hibernate: 
    insert 
    into
        energy_readings
        (active, battery_level, consumption, created_at, created_by, current, current_reading, frequency, meter_id, power, power_factor, previous_reading, quality_status, reading_source, reading_timestamp, reading_type, remarks, signal_strength, temperature, updated_at, updated_by, voltage, id) 
    values
        (?, ?, ?, ?, ?, ?, ?, ?, ?, ?, ?, ?, ?, ?, ?, ?, ?, ?, ?, ?, ?, ?, default)
Hibernate: 
    insert 
    into
        energy_readings
        (active, battery_level, consumption, created_at, created_by, current, current_reading, frequency, meter_id, power, power_factor, previous_reading, quality_status, reading_source, reading_timestamp, reading_type, remarks, signal_strength, temperature, updated_at, updated_by, voltage, id) 
    values
        (?, ?, ?, ?, ?, ?, ?, ?, ?, ?, ?, ?, ?, ?, ?, ?, ?, ?, ?, ?, ?, ?, default)
Hibernate: 
    select
        er1_0.id,
        er1_0.active,
        er1_0.battery_level,
        er1_0.consumption,
        er1_0.created_at,
        er1_0.created_by,
        er1_0.current,
        er1_0.current_reading,
        er1_0.frequency,
        er1_0.meter_id,
        er1_0.power,
        er1_0.power_factor,
        er1_0.previous_reading,
        er1_0.quality_status,
        er1_0.reading_source,
        er1_0.reading_timestamp,
        er1_0.reading_type,
        er1_0.remarks,
        er1_0.signal_strength,
        er1_0.temperature,
        er1_0.updated_at,
        er1_0.updated_by,
        er1_0.voltage 
    from
        energy_readings er1_0 
    where
        er1_0.meter_id=? 
        and er1_0.active 
    order by
        er1_0.reading_timestamp desc 
    fetch
        first ? rows only
]]></system-out>
  </testcase>
  <testcase name="shouldFindReadingsByDateRange" classname="com.powersphere.energy.repository.EnergyReadingRepositoryTest" time="0.025">
    <system-out><![CDATA[Hibernate: 
    select
        er1_0.id,
        er1_0.active,
        er1_0.battery_level,
        er1_0.consumption,
        er1_0.created_at,
        er1_0.created_by,
        er1_0.current,
        er1_0.current_reading,
        er1_0.frequency,
        er1_0.meter_id,
        er1_0.power,
        er1_0.power_factor,
        er1_0.previous_reading,
        er1_0.quality_status,
        er1_0.reading_source,
        er1_0.reading_timestamp,
        er1_0.reading_type,
        er1_0.remarks,
        er1_0.signal_strength,
        er1_0.temperature,
        er1_0.updated_at,
        er1_0.updated_by,
        er1_0.voltage 
    from
        energy_readings er1_0
Hibernate: 
    insert 
    into
        energy_readings
        (active, battery_level, consumption, created_at, created_by, current, current_reading, frequency, meter_id, power, power_factor, previous_reading, quality_status, reading_source, reading_timestamp, reading_type, remarks, signal_strength, temperature, updated_at, updated_by, voltage, id) 
    values
        (?, ?, ?, ?, ?, ?, ?, ?, ?, ?, ?, ?, ?, ?, ?, ?, ?, ?, ?, ?, ?, ?, default)
Hibernate: 
    insert 
    into
        energy_readings
        (active, battery_level, consumption, created_at, created_by, current, current_reading, frequency, meter_id, power, power_factor, previous_reading, quality_status, reading_source, reading_timestamp, reading_type, remarks, signal_strength, temperature, updated_at, updated_by, voltage, id) 
    values
        (?, ?, ?, ?, ?, ?, ?, ?, ?, ?, ?, ?, ?, ?, ?, ?, ?, ?, ?, ?, ?, ?, default)
Hibernate: 
    insert 
    into
        energy_readings
        (active, battery_level, consumption, created_at, created_by, current, current_reading, frequency, meter_id, power, power_factor, previous_reading, quality_status, reading_source, reading_timestamp, reading_type, remarks, signal_strength, temperature, updated_at, updated_by, voltage, id) 
    values
        (?, ?, ?, ?, ?, ?, ?, ?, ?, ?, ?, ?, ?, ?, ?, ?, ?, ?, ?, ?, ?, ?, default)
Hibernate: 
    insert 
    into
        energy_readings
        (active, battery_level, consumption, created_at, created_by, current, current_reading, frequency, meter_id, power, power_factor, previous_reading, quality_status, reading_source, reading_timestamp, reading_type, remarks, signal_strength, temperature, updated_at, updated_by, voltage, id) 
    values
        (?, ?, ?, ?, ?, ?, ?, ?, ?, ?, ?, ?, ?, ?, ?, ?, ?, ?, ?, ?, ?, ?, default)
Hibernate: 
    select
        er1_0.id,
        er1_0.active,
        er1_0.battery_level,
        er1_0.consumption,
        er1_0.created_at,
        er1_0.created_by,
        er1_0.current,
        er1_0.current_reading,
        er1_0.frequency,
        er1_0.meter_id,
        er1_0.power,
        er1_0.power_factor,
        er1_0.previous_reading,
        er1_0.quality_status,
        er1_0.reading_source,
        er1_0.reading_timestamp,
        er1_0.reading_type,
        er1_0.remarks,
        er1_0.signal_strength,
        er1_0.temperature,
        er1_0.updated_at,
        er1_0.updated_by,
        er1_0.voltage 
    from
        energy_readings er1_0 
    where
        er1_0.meter_id=? 
        and er1_0.reading_timestamp between ? and ? 
        and er1_0.active 
    order by
        er1_0.reading_timestamp
]]></system-out>
  </testcase>
</testsuite>