<?xml version="1.0" encoding="UTF-8"?>
<testsuite xmlns:xsi="http://www.w3.org/2001/XMLSchema-instance" xsi:noNamespaceSchemaLocation="https://maven.apache.org/surefire/maven-surefire-plugin/xsd/surefire-test-report.xsd" version="3.0.2" name="com.powersphere.meter.repository.SmartMeterRepositoryTest" time="11.772" tests="4" errors="0" skipped="0" failures="0">
  <properties>
[...]
</properties>
  <testcase name="shouldCheckExistsByMeterNumber" classname="com.powersphere.meter.repository.SmartMeterRepositoryTest" time="0.199">
    <system-out><![CDATA[17:59:51.465 [main] INFO org.springframework.test.context.support.AnnotationConfigContextLoaderUtils -- Could not detect default configuration classes for test class [com.powersphere.meter.repository.SmartMeterRepositoryTest]: SmartMeterRepositoryTest does not declare any static, non-private, non-final, nested classes annotated with @Configuration.
17:59:51.679 [main] INFO org.springframework.boot.test.context.SpringBootTestContextBootstrapper -- Found @SpringBootConfiguration com.powersphere.PowerSphereApplication for test class com.powersphere.meter.repository.SmartMeterRepositoryTest

  .   ____          _            __ _ _
 /\\ / ___'_ __ _ _(_)_ __  __ _ \ \ \ \
( ( )\___ | '_ | '_| | '_ \/ _` | \ \ \ \
 \\/  ___)| |_)| | | | | || (_| |  ) ) ) )
  '  |____| .__|_| |_|_| |_\__, | / / / /
 =========|_|==============|___/=/_/_/_/

 :: Spring Boot ::                (v3.5.0)

17:59:52.572 &amp#27;[34mINFO &amp#27;[0;39m [&amp#27;[36mmain&amp#27;[0;39m] &amp#27;[33mc.p.m.r.SmartMeterRepositoryTest&amp#27;[0;39m - Starting SmartMeterRepositoryTest using Java 26.0.1 with PID 15392 (started by ADMIN in D:\power-sphere)
17:59:52.573 &amp#27;[34mINFO &amp#27;[0;39m [&amp#27;[36mmain&amp#27;[0;39m] &amp#27;[33mc.p.m.r.SmartMeterRepositoryTest&amp#27;[0;39m - The following 1 profile is active: "test"
17:59:57.347 &amp#27;[31mWARN &amp#27;[0;39m [&amp#27;[36mmain&amp#27;[0;39m] &amp#27;[33morg.hibernate.orm.deprecation&amp#27;[0;39m - HHH90000025: H2Dialect does not need to be specified explicitly using 'hibernate.dialect' (remove the property setting and it will be selected by default)
Hibernate: 
    drop table if exists departments cascade 
Hibernate: 
    drop table if exists organizations cascade 
Hibernate: 
    drop table if exists permissions cascade 
Hibernate: 
    drop table if exists refresh_tokens cascade 
Hibernate: 
    drop table if exists roles cascade 
Hibernate: 
    drop table if exists smart_meters cascade 
Hibernate: 
    drop table if exists teams cascade 
Hibernate: 
    drop table if exists user_profiles cascade 
Hibernate: 
    drop table if exists user_roles cascade 
Hibernate: 
    drop table if exists users cascade 
Hibernate: 
    create table departments (
        is_active boolean,
        created_at timestamp(6),
        updated_at timestamp(6),
        id uuid not null,
        organization_id uuid,
        code varchar(255) not null unique,
        created_by varchar(255),
        description varchar(255),
        manager varchar(255),
        name varchar(255) not null,
        updated_by varchar(255),
        primary key (id)
    )
Hibernate: 
    create table organizations (
        is_active boolean,
        created_at timestamp(6),
        updated_at timestamp(6),
        id uuid not null,
        address_line1 varchar(255),
        address_line2 varchar(255),
        city varchar(255),
        country varchar(255),
        created_by varchar(255),
        currency varchar(255),
        email varchar(255),
        industry varchar(255),
        logo_url varchar(255),
        organization_code varchar(255) not null unique,
        organization_name varchar(255) not null,
        phone varchar(255),
        postal_code varchar(255),
        registration_number varchar(255),
        state varchar(255),
        status varchar(255),
        tax_number varchar(255),
        timezone varchar(255),
        updated_by varchar(255),
        website varchar(255),
        primary key (id)
    )
Hibernate: 
    create table permissions (
        is_active boolean,
        created_at timestamp(6),
        updated_at timestamp(6),
        id uuid not null,
        action varchar(255),
        description varchar(255),
        name varchar(255) not null unique,
        resource varchar(255),
        primary key (id)
    )
Hibernate: 
    create table refresh_tokens (
        revoked boolean not null,
        created_at timestamp(6),
        expiry_date timestamp(6) not null,
        id uuid not null,
        user_id uuid not null,
        token varchar(255) not null unique,
        primary key (id)
    )
Hibernate: 
    create table roles (
        is_active boolean,
        created_at timestamp(6),
        updated_at timestamp(6),
        id uuid not null,
        description varchar(255),
        name varchar(255) not null unique,
        primary key (id)
    )
Hibernate: 
    create table smart_meters (
        current_rating numeric(10,2),
        is_active boolean,
        latitude numeric(12,8),
        longitude numeric(12,8),
        max_load numeric(10,2),
        voltage numeric(10,2),
        activation_date timestamp(6),
        created_at timestamp(6),
        installation_date timestamp(6),
        last_communication_time timestamp(6),
        last_maintenance_date timestamp(6),
        next_maintenance_date timestamp(6),
        updated_at timestamp(6),
        assigned_user_id uuid,
        department_id uuid,
        id uuid not null,
        organization_id uuid,
        postal_code varchar(20),
        firmware_version varchar(50),
        meter_number varchar(50) not null unique,
        city varchar(100),
        country varchar(100),
        manufacturer varchar(100) not null,
        model varchar(100) not null,
        serial_number varchar(100) not null unique,
        state varchar(100),
        barcode varchar(500),
        created_by varchar(255),
        installation_address TEXT,
        qr_code TEXT,
        remarks TEXT,
        updated_by varchar(255),
        connection_type enum ('COMMERCIAL','INDUSTRIAL','RESIDENTIAL','SOLAR') not null,
        meter_type enum ('ANALOG','DIGITAL','POSTPAID','PREPAID','SMART') not null,
        phase_type enum ('SINGLE_PHASE','THREE_PHASE'),
        status enum ('ACTIVE','FAULTY','INACTIVE','MAINTENANCE','REMOVED') not null,
        primary key (id)
    )
Hibernate: 
    create table teams (
        is_active boolean,
        created_at timestamp(6),
        updated_at timestamp(6),
        department_id uuid,
        id uuid not null,
        code varchar(255) not null unique,
        created_by varchar(255),
        description varchar(255),
        name varchar(255) not null,
        team_lead varchar(255),
        updated_by varchar(255),
        primary key (id)
    )
Hibernate: 
    create table user_profiles (
        date_of_birth date,
        joining_date date,
        created_at timestamp(6),
        updated_at timestamp(6),
        department_id uuid,
        id uuid not null,
        organization_id uuid,
        team_id uuid,
        user_id uuid not null unique,
        address varchar(255),
        designation varchar(255),
        emergency_contact varchar(255),
        employee_id varchar(255) unique,
        gender varchar(255),
        profile_image_url varchar(255),
        primary key (id)
    )
Hibernate: 
    create table user_roles (
        role_id uuid not null,
        user_id uuid not null,
        primary key (role_id, user_id)
    )
Hibernate: 
    create table users (
        account_locked boolean not null,
        email_verified boolean not null,
        enabled boolean not null,
        failed_login_attempts integer not null,
        is_active boolean,
        created_at timestamp(6),
        last_login timestamp(6),
        updated_at timestamp(6),
        id uuid not null,
        email varchar(255) not null unique,
        first_name varchar(255),
        last_name varchar(255),
        password varchar(255) not null,
        phone varchar(255),
        status varchar(255),
        username varchar(255) not null unique,
        primary key (id)
    )
Hibernate: 
    alter table if exists departments 
       add constraint FK69kdxq27lkb5p622ypc93tcr4 
       foreign key (organization_id) 
       references organizations
Hibernate: 
    alter table if exists refresh_tokens 
       add constraint FK1lih5y2npsf8u5o3vhdb9y0os 
       foreign key (user_id) 
       references users
Hibernate: 
    alter table if exists smart_meters 
       add constraint FK5q3dkqes16xv9qnodpwt7570v 
       foreign key (assigned_user_id) 
       references users
Hibernate: 
    alter table if exists smart_meters 
       add constraint FK26ru45c3l1vegnisgv71bhqnd 
       foreign key (department_id) 
       references departments
Hibernate: 
    alter table if exists smart_meters 
       add constraint FK3ofdtyf1omws77rvhp9g41vip 
       foreign key (organization_id) 
       references organizations
Hibernate: 
    alter table if exists teams 
       add constraint FKkteyamwleykiqb2nv0cu2fc3r 
       foreign key (department_id) 
       references departments
Hibernate: 
    alter table if exists user_profiles 
       add constraint FKlnm1ksh1chr4fwfm3vsa1oic4 
       foreign key (department_id) 
       references departments
Hibernate: 
    alter table if exists user_profiles 
       add constraint FKikne37ssn2bq42c07rkddrdr9 
       foreign key (organization_id) 
       references organizations
Hibernate: 
    alter table if exists user_profiles 
       add constraint FKbcjlwc3m7bvjr7c1rqp4q0dfy 
       foreign key (team_id) 
       references teams
Hibernate: 
    alter table if exists user_profiles 
       add constraint FKjcad5nfve11khsnpwj1mv8frj 
       foreign key (user_id) 
       references users
Hibernate: 
    alter table if exists user_roles 
       add constraint FKh8ciramu9cc9q3qcqiv4ue8a6 
       foreign key (role_id) 
       references roles
Hibernate: 
    alter table if exists user_roles 
       add constraint FKhfh9dx7w3ubf1co1vdev94g3f 
       foreign key (user_id) 
       references users
18:00:02.792 &amp#27;[34mINFO &amp#27;[0;39m [&amp#27;[36mmain&amp#27;[0;39m] &amp#27;[33mc.p.m.r.SmartMeterRepositoryTest&amp#27;[0;39m - Started SmartMeterRepositoryTest in 11.013 seconds (process running for 13.909)
Hibernate: 
    insert 
    into
        smart_meters
        (activation_date, assigned_user_id, barcode, city, connection_type, country, created_at, created_by, current_rating, department_id, firmware_version, installation_address, installation_date, is_active, last_communication_time, last_maintenance_date, latitude, longitude, manufacturer, max_load, meter_number, meter_type, model, next_maintenance_date, organization_id, phase_type, postal_code, qr_code, remarks, serial_number, state, status, updated_at, updated_by, voltage, id) 
    values
        (?, ?, ?, ?, ?, ?, ?, ?, ?, ?, ?, ?, ?, ?, ?, ?, ?, ?, ?, ?, ?, ?, ?, ?, ?, ?, ?, ?, ?, ?, ?, ?, ?, ?, ?, ?)
Hibernate: 
    select
        sm1_0.id 
    from
        smart_meters sm1_0 
    where
        sm1_0.meter_number=? 
    fetch
        first ? rows only
Hibernate: 
    select
        sm1_0.id 
    from
        smart_meters sm1_0 
    where
        sm1_0.meter_number=? 
    fetch
        first ? rows only
]]></system-out>
    <system-err><![CDATA[17:59:52,436 |-WARN in ch.qos.logback.core.model.processor.AppenderModelHandler - Appender named [FILE_APP] not referenced. Skipping further processing.
17:59:52,436 |-WARN in ch.qos.logback.core.model.processor.AppenderModelHandler - Appender named [FILE_ERROR] not referenced. Skipping further processing.
]]></system-err>
  </testcase>
  <testcase name="shouldFindByMeterNumber" classname="com.powersphere.meter.repository.SmartMeterRepositoryTest" time="0.03">
    <system-out><![CDATA[Hibernate: 
    insert 
    into
        smart_meters
        (activation_date, assigned_user_id, barcode, city, connection_type, country, created_at, created_by, current_rating, department_id, firmware_version, installation_address, installation_date, is_active, last_communication_time, last_maintenance_date, latitude, longitude, manufacturer, max_load, meter_number, meter_type, model, next_maintenance_date, organization_id, phase_type, postal_code, qr_code, remarks, serial_number, state, status, updated_at, updated_by, voltage, id) 
    values
        (?, ?, ?, ?, ?, ?, ?, ?, ?, ?, ?, ?, ?, ?, ?, ?, ?, ?, ?, ?, ?, ?, ?, ?, ?, ?, ?, ?, ?, ?, ?, ?, ?, ?, ?, ?)
Hibernate: 
    select
        sm1_0.id,
        sm1_0.activation_date,
        sm1_0.assigned_user_id,
        sm1_0.barcode,
        sm1_0.city,
        sm1_0.connection_type,
        sm1_0.country,
        sm1_0.created_at,
        sm1_0.created_by,
        sm1_0.current_rating,
        sm1_0.department_id,
        sm1_0.firmware_version,
        sm1_0.installation_address,
        sm1_0.installation_date,
        sm1_0.is_active,
        sm1_0.last_communication_time,
        sm1_0.last_maintenance_date,
        sm1_0.latitude,
        sm1_0.longitude,
        sm1_0.manufacturer,
        sm1_0.max_load,
        sm1_0.meter_number,
        sm1_0.meter_type,
        sm1_0.model,
        sm1_0.next_maintenance_date,
        sm1_0.organization_id,
        sm1_0.phase_type,
        sm1_0.postal_code,
        sm1_0.qr_code,
        sm1_0.remarks,
        sm1_0.serial_number,
        sm1_0.state,
        sm1_0.status,
        sm1_0.updated_at,
        sm1_0.updated_by,
        sm1_0.voltage 
    from
        smart_meters sm1_0 
    where
        sm1_0.meter_number=?
]]></system-out>
  </testcase>
  <testcase name="shouldFindBySerialNumber" classname="com.powersphere.meter.repository.SmartMeterRepositoryTest" time="0.015">
    <system-out><![CDATA[Hibernate: 
    insert 
    into
        smart_meters
        (activation_date, assigned_user_id, barcode, city, connection_type, country, created_at, created_by, current_rating, department_id, firmware_version, installation_address, installation_date, is_active, last_communication_time, last_maintenance_date, latitude, longitude, manufacturer, max_load, meter_number, meter_type, model, next_maintenance_date, organization_id, phase_type, postal_code, qr_code, remarks, serial_number, state, status, updated_at, updated_by, voltage, id) 
    values
        (?, ?, ?, ?, ?, ?, ?, ?, ?, ?, ?, ?, ?, ?, ?, ?, ?, ?, ?, ?, ?, ?, ?, ?, ?, ?, ?, ?, ?, ?, ?, ?, ?, ?, ?, ?)
Hibernate: 
    select
        sm1_0.id,
        sm1_0.activation_date,
        sm1_0.assigned_user_id,
        sm1_0.barcode,
        sm1_0.city,
        sm1_0.connection_type,
        sm1_0.country,
        sm1_0.created_at,
        sm1_0.created_by,
        sm1_0.current_rating,
        sm1_0.department_id,
        sm1_0.firmware_version,
        sm1_0.installation_address,
        sm1_0.installation_date,
        sm1_0.is_active,
        sm1_0.last_communication_time,
        sm1_0.last_maintenance_date,
        sm1_0.latitude,
        sm1_0.longitude,
        sm1_0.manufacturer,
        sm1_0.max_load,
        sm1_0.meter_number,
        sm1_0.meter_type,
        sm1_0.model,
        sm1_0.next_maintenance_date,
        sm1_0.organization_id,
        sm1_0.phase_type,
        sm1_0.postal_code,
        sm1_0.qr_code,
        sm1_0.remarks,
        sm1_0.serial_number,
        sm1_0.state,
        sm1_0.status,
        sm1_0.updated_at,
        sm1_0.updated_by,
        sm1_0.voltage 
    from
        smart_meters sm1_0 
    where
        sm1_0.serial_number=?
]]></system-out>
  </testcase>
  <testcase name="shouldCheckExistsBySerialNumber" classname="com.powersphere.meter.repository.SmartMeterRepositoryTest" time="0.014">
    <system-out><![CDATA[Hibernate: 
    insert 
    into
        smart_meters
        (activation_date, assigned_user_id, barcode, city, connection_type, country, created_at, created_by, current_rating, department_id, firmware_version, installation_address, installation_date, is_active, last_communication_time, last_maintenance_date, latitude, longitude, manufacturer, max_load, meter_number, meter_type, model, next_maintenance_date, organization_id, phase_type, postal_code, qr_code, remarks, serial_number, state, status, updated_at, updated_by, voltage, id) 
    values
        (?, ?, ?, ?, ?, ?, ?, ?, ?, ?, ?, ?, ?, ?, ?, ?, ?, ?, ?, ?, ?, ?, ?, ?, ?, ?, ?, ?, ?, ?, ?, ?, ?, ?, ?, ?)
Hibernate: 
    select
        sm1_0.id 
    from
        smart_meters sm1_0 
    where
        sm1_0.serial_number=? 
    fetch
        first ? rows only
Hibernate: 
    select
        sm1_0.id 
    from
        smart_meters sm1_0 
    where
        sm1_0.serial_number=? 
    fetch
        first ? rows only
]]></system-out>
  </testcase>
</testsuite>